\BOOKMARK [0][-]{dummy.1}{\376\377\000D\000e\000c\000l\000a\000r\000a\000t\000i\000o\000n\000\040\000o\000f\000\040\000A\000u\000t\000h\000o\000r\000s\000h\000i\000p}{}% 1
\BOOKMARK [0][-]{dummy.2}{\376\377\000C\000o\000n\000t\000e\000n\000t\000s}{}% 2
\BOOKMARK [0][-]{dummy.4}{\376\377\000L\000i\000s\000t\000\040\000o\000f\000\040\000F\000i\000g\000u\000r\000e\000s}{}% 3
\BOOKMARK [0][-]{dummy.6}{\376\377\000L\000i\000s\000t\000\040\000o\000f\000\040\000T\000a\000b\000l\000e\000s}{}% 4
\BOOKMARK [0][-]{chapter.8}{\376\377\0001\000\040\000I\000n\000t\000r\000o\000d\000u\000c\000t\000i\000o\000n}{}% 5
\BOOKMARK [0][-]{chapter.9}{\376\377\0002\000\040\000L\000i\000t\000e\000r\000a\000t\000u\000r\000e\000\040\000R\000e\000v\000i\000e\000w}{}% 6
\BOOKMARK [1][-]{section.10}{\376\377\0002\000.\0001\000\040\000P\000r\000o\000c\000e\000s\000s\000o\000r\000\040\000A\000r\000c\000h\000i\000t\000e\000c\000t\000u\000r\000e\000s\000\040\000f\000o\000r\000\040\000d\000e\000e\000p\000\040\000l\000e\000a\000r\000n\000i\000n\000g}{chapter.9}% 7
\BOOKMARK [2][-]{subsection.11}{\376\377\0002\000.\0001\000.\0001\000\040\000H\000i\000g\000h\000\040\000P\000e\000r\000f\000o\000r\000m\000a\000n\000c\000e\000\040\000D\000e\000v\000i\000c\000e\000s}{section.10}% 8
\BOOKMARK [3][-]{subsubsection.12}{\376\377\0002\000.\0001\000.\0001\000.\0001\000\040\000G\000P\000U\000s}{subsection.11}% 9
\BOOKMARK [3][-]{subsubsection.13}{\376\377\0002\000.\0001\000.\0001\000.\0002\000\040\000T\000P\000U\000s}{subsection.11}% 10
\BOOKMARK [3][-]{subsubsection.14}{\376\377\0002\000.\0001\000.\0001\000.\0003\000\040\000C\000P\000U\000s}{subsection.11}% 11
\BOOKMARK [2][-]{subsection.15}{\376\377\0002\000.\0001\000.\0002\000\040\000L\000o\000w\000\040\000P\000o\000w\000e\000r\000\040\000E\000d\000g\000e\000\040\000D\000e\000v\000i\000c\000e\000s}{section.10}% 12
\BOOKMARK [3][-]{subsubsection.16}{\376\377\0002\000.\0001\000.\0002\000.\0001\000\040\000F\000P\000G\000A\000s}{subsection.15}% 13
\BOOKMARK [3][-]{subsubsection.17}{\376\377\0002\000.\0001\000.\0002\000.\0002\000\040\000U\000S\000B\000\040\000A\000c\000c\000e\000l\000e\000r\000a\000t\000o\000r\000s}{subsection.15}% 14
\BOOKMARK [3][-]{subsubsection.18}{\376\377\0002\000.\0001\000.\0002\000.\0003\000\040\000E\000m\000b\000e\000d\000d\000e\000d\000\040\000G\000P\000U\000s}{subsection.15}% 15
\BOOKMARK [3][-]{subsubsection.19}{\376\377\0002\000.\0001\000.\0002\000.\0004\000\040\000S\000m\000a\000r\000t\000\040\000H\000o\000m\000e}{subsection.15}% 16
\BOOKMARK [3][-]{subsubsection.20}{\376\377\0002\000.\0001\000.\0002\000.\0005\000\040\000E\000d\000g\000e\000\040\000C\000u\000s\000t\000o\000m\000\040\000S\000o\000l\000u\000t\000i\000o\000n\000s}{subsection.15}% 17
\BOOKMARK [1][-]{section.21}{\376\377\0002\000.\0002\000\040\000C\000o\000m\000p\000r\000e\000s\000s\000i\000o\000n\000\040\000T\000e\000c\000h\000n\000i\000q\000u\000e\000s}{chapter.9}% 18
\BOOKMARK [2][-]{subsection.22}{\376\377\0002\000.\0002\000.\0001\000\040\000M\000e\000t\000h\000o\000d\000s\000/\000A\000l\000g\000o\000r\000i\000t\000h\000m\000s}{section.21}% 19
\BOOKMARK [3][-]{subsubsection.23}{\376\377\0002\000.\0002\000.\0001\000.\0001\000\040\000P\000r\000u\000n\000i\000n\000g}{subsection.22}% 20
\BOOKMARK [3][-]{subsubsection.24}{\376\377\0002\000.\0002\000.\0001\000.\0002\000\040\000Q\000u\000a\000n\000t\000i\000z\000a\000t\000i\000o\000n}{subsection.22}% 21
\BOOKMARK [3][-]{subsubsection.25}{\376\377\0002\000.\0002\000.\0001\000.\0003\000\040\000K\000n\000o\000w\000l\000e\000d\000g\000e\000\040\000D\000i\000s\000t\000i\000l\000l\000a\000t\000i\000o\000n}{subsection.22}% 22
\BOOKMARK [3][-]{subsubsection.26}{\376\377\0002\000.\0002\000.\0001\000.\0004\000\040\000R\000e\000g\000u\000l\000a\000r\000i\000z\000a\000t\000i\000o\000n}{subsection.22}% 23
\BOOKMARK [3][-]{subsubsection.27}{\376\377\0002\000.\0002\000.\0001\000.\0005\000\040\000C\000o\000n\000d\000i\000t\000i\000o\000n\000a\000l\000\040\000C\000o\000m\000p\000u\000t\000a\000t\000i\000o\000n}{subsection.22}% 24
\BOOKMARK [2][-]{subsection.28}{\376\377\0002\000.\0002\000.\0002\000\040\000F\000r\000a\000m\000e\000w\000o\000r\000k\000s}{section.21}% 25
\BOOKMARK [3][-]{subsubsection.30}{\376\377\0002\000.\0002\000.\0002\000.\0001\000\040\000I\000n\000t\000e\000l\000\040\000D\000i\000s\000t\000i\000l\000l\000e\000r}{subsection.28}% 26
\BOOKMARK [3][-]{subsubsection.31}{\376\377\0002\000.\0002\000.\0002\000.\0002\000\040\000F\000I\000N\000N}{subsection.28}% 27
\BOOKMARK [3][-]{subsubsection.32}{\376\377\0002\000.\0002\000.\0002\000.\0003\000\040\000I\000n\000t\000e\000l\000\040\000O\000p\000e\000n\000V\000i\000n\000o}{subsection.28}% 28
\BOOKMARK [3][-]{subsubsection.33}{\376\377\0002\000.\0002\000.\0002\000.\0004\000\040\000X\000i\000l\000i\000n\000x\000\040\000V\000i\000t\000i\000s}{subsection.28}% 29
\BOOKMARK [0][-]{chapter.34}{\376\377\0003\000\040\000R\000e\000q\000u\000i\000r\000e\000m\000e\000n\000t\000s\000\040\000A\000n\000a\000l\000y\000s\000i\000s}{}% 30
\BOOKMARK [1][-]{section.35}{\376\377\0003\000.\0001\000\040\000R\000e\000s\000e\000a\000r\000c\000h\000\040\000Q\000u\000e\000s\000t\000i\000o\000n\000s}{chapter.34}% 31
\BOOKMARK [1][-]{section.36}{\376\377\0003\000.\0002\000\040\000h\000y\000p\000o\000t\000h\000e\000s\000i\000s}{chapter.34}% 32
\BOOKMARK [1][-]{section.37}{\376\377\0003\000.\0003\000\040\000A\000i\000m}{chapter.34}% 33
\BOOKMARK [1][-]{section.38}{\376\377\0003\000.\0004\000\040\000O\000b\000j\000e\000c\000t\000i\000v\000e\000s}{chapter.34}% 34
\BOOKMARK [1][-]{section.39}{\376\377\0003\000.\0005\000\040\000P\000r\000o\000j\000e\000c\000t\000\040\000G\000o\000a\000l\000s}{chapter.34}% 35
\BOOKMARK [2][-]{subsection.40}{\376\377\0003\000.\0005\000.\0001\000\040\000F\000u\000n\000c\000t\000i\000o\000n\000a\000l\000\040\000R\000e\000q\000u\000i\000r\000e\000m\000e\000n\000t\000s}{section.39}% 36
\BOOKMARK [2][-]{subsection.41}{\376\377\0003\000.\0005\000.\0002\000\040\000N\000o\000n\000\040\000F\000u\000n\000c\000t\000i\000o\000n\000a\000l\000\040\000R\000e\000q\000u\000i\000r\000e\000m\000e\000n\000t\000s}{section.39}% 37
\BOOKMARK [1][-]{section.42}{\376\377\0003\000.\0006\000\040\000D\000e\000l\000i\000v\000e\000r\000a\000b\000l\000e\000s\000\040\000a\000n\000d\000\040\000t\000a\000s\000k\000s}{chapter.34}% 38
\BOOKMARK [0][-]{chapter.43}{\376\377\0004\000\040\000M\000e\000t\000h\000o\000d\000o\000l\000o\000g\000y}{}% 39
\BOOKMARK [0][-]{chapter.44}{\376\377\0005\000\040\000P\000r\000o\000j\000e\000c\000t\000\040\000P\000l\000a\000n}{}% 40
\BOOKMARK [1][-]{section.45}{\376\377\0005\000.\0001\000\040\000G\000a\000n\000t\000t\000\040\000C\000h\000a\000r\000t}{chapter.44}% 41
\BOOKMARK [1][-]{section.46}{\376\377\0005\000.\0002\000\040\000R\000i\000s\000k\000\040\000A\000n\000a\000l\000y\000s\000i\000s}{chapter.44}% 42
\BOOKMARK [0][-]{dummy.47}{\376\377\000B\000i\000b\000l\000i\000o\000g\000r\000a\000p\000h\000y}{}% 43
